<?xml version="1.0" encoding="UTF-8"?>
<testsuite name="com.lydia.ThemeParkApplicationIT" tests="4" skipped="0" failures="0" errors="0" timestamp="2021-04-24T04:22:35" hostname="Ians-MBP" time="0.331">
  <properties/>
  <testcase name="getsAllRides" classname="com.lydia.ThemeParkApplicationIT" time="0.267"/>
  <testcase name="getsSingleRide" classname="com.lydia.ThemeParkApplicationIT" time="0.016"/>
  <testcase name="returnsNotFoundForInvalidSingleRide" classname="com.lydia.ThemeParkApplicationIT" time="0.007"/>
  <testcase name="addsNewRide" classname="com.lydia.ThemeParkApplicationIT" time="0.041"/>
  <system-out><![CDATA[00:22:32.422 [Test worker] DEBUG org.springframework.test.annotation.ProfileValueUtils - Retrieved @ProfileValueSourceConfiguration [null] for test class [com.lydia.ThemeParkApplicationIT]
00:22:32.422 [Test worker] DEBUG org.springframework.test.annotation.ProfileValueUtils - Retrieved ProfileValueSource type [class org.springframework.test.annotation.SystemProfileValueSource] for class [com.lydia.ThemeParkApplicationIT]
00:22:32.423 [Test worker] DEBUG org.springframework.test.annotation.ProfileValueUtils - Retrieved @ProfileValueSourceConfiguration [null] for test class [com.lydia.ThemeParkApplicationIT]
00:22:32.423 [Test worker] DEBUG org.springframework.test.annotation.ProfileValueUtils - Retrieved ProfileValueSource type [class org.springframework.test.annotation.SystemProfileValueSource] for class [com.lydia.ThemeParkApplicationIT]
00:22:32.427 [Test worker] DEBUG org.springframework.test.context.support.AbstractDirtiesContextTestExecutionListener - Before test class: context [DefaultTestContext@79d2a305 testClass = ThemeParkApplicationIT, testInstance = [null], testMethod = [null], testException = [null], mergedContextConfiguration = [WebMergedContextConfiguration@59ab5a32 testClass = ThemeParkApplicationIT, locations = '{}', classes = '{class com.lydia.ThemeParkApplication}', contextInitializerClasses = '[]', activeProfiles = '{}', propertySourceLocations = '{}', propertySourceProperties = '{org.springframework.boot.test.context.SpringBootTestContextBootstrapper=true}', contextCustomizers = set[org.springframework.boot.test.autoconfigure.properties.PropertyMappingContextCustomizer@4b3fa0b3, org.springframework.boot.test.autoconfigure.web.servlet.WebDriverContextCustomizerFactory$Customizer@24259c42, [ImportsContextCustomizer@e0563b5 key = [org.springframework.boot.test.autoconfigure.web.servlet.MockMvcAutoConfiguration, org.springframework.boot.test.autoconfigure.web.servlet.MockMvcWebClientAutoConfiguration, org.springframework.boot.test.autoconfigure.web.servlet.MockMvcWebDriverAutoConfiguration, org.springframework.boot.autoconfigure.security.oauth2.client.servlet.OAuth2ClientAutoConfiguration, org.springframework.boot.autoconfigure.security.oauth2.resource.servlet.OAuth2ResourceServerAutoConfiguration, org.springframework.boot.autoconfigure.security.servlet.SecurityAutoConfiguration, org.springframework.boot.autoconfigure.security.servlet.SecurityFilterAutoConfiguration, org.springframework.boot.autoconfigure.security.servlet.UserDetailsServiceAutoConfiguration, org.springframework.boot.test.autoconfigure.web.servlet.MockMvcSecurityConfiguration]], org.springframework.boot.test.context.filter.ExcludeFilterContextCustomizer@5c7d3557, org.springframework.boot.test.json.DuplicateJsonObjectContextCustomizerFactory$DuplicateJsonObjectContextCustomizer@4a92f8c, org.springframework.boot.test.mock.mockito.MockitoContextCustomizer@0, org.springframework.boot.test.web.client.TestRestTemplateContextCustomizer@7bf172c6, org.springframework.boot.test.context.SpringBootTestArgs@1], resourceBasePath = 'src/main/webapp', contextLoader = 'org.springframework.boot.test.context.SpringBootContextLoader', parent = [null]], attributes = map['org.springframework.test.context.web.ServletTestExecutionListener.activateListener' -> true]], class annotated with @DirtiesContext [false] with mode [null].
00:22:32.429 [Test worker] DEBUG org.springframework.test.annotation.ProfileValueUtils - Retrieved @ProfileValueSourceConfiguration [null] for test class [com.lydia.ThemeParkApplicationIT]
00:22:32.429 [Test worker] DEBUG org.springframework.test.annotation.ProfileValueUtils - Retrieved ProfileValueSource type [class org.springframework.test.annotation.SystemProfileValueSource] for class [com.lydia.ThemeParkApplicationIT]
00:22:32.445 [Test worker] DEBUG org.springframework.test.context.support.TestPropertySourceUtils - Adding inlined properties to environment: {spring.jmx.enabled=false, org.springframework.boot.test.context.SpringBootTestContextBootstrapper=true}

  .   ____          _            __ _ _
 /\\ / ___'_ __ _ _(_)_ __  __ _ \ \ \ \
( ( )\___ | '_ | '_| | '_ \/ _` | \ \ \ \
 \\/  ___)| |_)| | | | | || (_| |  ) ) ) )
  '  |____| .__|_| |_|_| |_\__, | / / / /
 =========|_|==============|___/=/_/_/_/
 :: Spring Boot ::        (v2.3.4.RELEASE)

2021-04-24 00:22:32.648  INFO 53632 --- [    Test worker] com.lydia.ThemeParkApplicationIT         : Starting ThemeParkApplicationIT on Ians-MBP with PID 53632 (started by yanli in /Users/yanli/Desktop/Lydia/699/699project/spring-boot-api)
2021-04-24 00:22:32.649  INFO 53632 --- [    Test worker] com.lydia.ThemeParkApplicationIT         : No active profile set, falling back to default profiles: default
2021-04-24 00:22:33.279  INFO 53632 --- [    Test worker] .s.d.r.c.RepositoryConfigurationDelegate : Bootstrapping Spring Data JPA repositories in DEFERRED mode.
2021-04-24 00:22:33.315  INFO 53632 --- [    Test worker] .s.d.r.c.RepositoryConfigurationDelegate : Finished Spring Data repository scanning in 30ms. Found 1 JPA repository interfaces.
2021-04-24 00:22:33.681  INFO 53632 --- [    Test worker] o.s.s.concurrent.ThreadPoolTaskExecutor  : Initializing ExecutorService 'applicationTaskExecutor'
2021-04-24 00:22:33.692  INFO 53632 --- [    Test worker] com.zaxxer.hikari.HikariDataSource       : HikariPool-1 - Starting...
2021-04-24 00:22:33.820  INFO 53632 --- [    Test worker] com.zaxxer.hikari.HikariDataSource       : HikariPool-1 - Start completed.
2021-04-24 00:22:33.872  INFO 53632 --- [         task-1] o.hibernate.jpa.internal.util.LogHelper  : HHH000204: Processing PersistenceUnitInfo [name: default]
2021-04-24 00:22:33.908  INFO 53632 --- [         task-1] org.hibernate.Version                    : HHH000412: Hibernate ORM core version 5.4.21.Final
2021-04-24 00:22:34.021  INFO 53632 --- [         task-1] o.hibernate.annotations.common.Version   : HCANN000001: Hibernate Commons Annotations {5.1.0.Final}
2021-04-24 00:22:34.044  WARN 53632 --- [    Test worker] JpaBaseConfiguration$JpaWebConfiguration : spring.jpa.open-in-view is enabled by default. Therefore, database queries may be performed during view rendering. Explicitly configure spring.jpa.open-in-view to disable this warning
2021-04-24 00:22:34.115  INFO 53632 --- [         task-1] org.hibernate.dialect.Dialect            : HHH000400: Using dialect: org.hibernate.dialect.H2Dialect
2021-04-24 00:22:34.604  INFO 53632 --- [         task-1] o.h.e.t.j.p.i.JtaPlatformInitiator       : HHH000490: Using JtaPlatform implementation: [org.hibernate.engine.transaction.jta.platform.internal.NoJtaPlatform]
2021-04-24 00:22:34.609  INFO 53632 --- [         task-1] j.LocalContainerEntityManagerFactoryBean : Initialized JPA EntityManagerFactory for persistence unit 'default'
2021-04-24 00:22:34.699  INFO 53632 --- [    Test worker] o.s.b.t.m.w.SpringBootMockServletContext : Initializing Spring TestDispatcherServlet ''
2021-04-24 00:22:34.699  INFO 53632 --- [    Test worker] o.s.t.web.servlet.TestDispatcherServlet  : Initializing Servlet ''
2021-04-24 00:22:34.708  INFO 53632 --- [    Test worker] o.s.b.a.e.web.EndpointLinksResolver      : Exposing 2 endpoint(s) beneath base path '/actuator'
2021-04-24 00:22:34.731  INFO 53632 --- [    Test worker] o.s.t.web.servlet.TestDispatcherServlet  : Completed initialization in 32 ms
2021-04-24 00:22:34.749  INFO 53632 --- [    Test worker] DeferredRepositoryInitializationListener : Triggering deferred initialization of Spring Data repositories…
2021-04-24 00:22:34.953  INFO 53632 --- [    Test worker] DeferredRepositoryInitializationListener : Spring Data repositories initialized!
2021-04-24 00:22:34.965  INFO 53632 --- [    Test worker] com.lydia.ThemeParkApplicationIT         : Started ThemeParkApplicationIT in 2.512 seconds (JVM running for 3.342)
]]></system-out>
  <system-err><![CDATA[]]></system-err>
</testsuite>
